<?xml version="1.0" encoding="UTF-8"?>
<testsuite xmlns:xsi="http://www.w3.org/2001/XMLSchema-instance" xsi:noNamespaceSchemaLocation="https://maven.apache.org/surefire/maven-surefire-plugin/xsd/surefire-test-report.xsd" name="ru.netologi.javaqa.Freelancer.services.FreelancerRestCalculatorTest" time="0.051" tests="3" errors="0" skipped="0" failures="0">
  <properties>
[...]
</properties>
  <testcase name="calculate{int, int, int, int}[1]" classname="ru.netologi.javaqa.Freelancer.services.FreelancerRestCalculatorTest" time="0.018"/>
  <testcase name="calculate{int, int, int, int}[2]" classname="ru.netologi.javaqa.Freelancer.services.FreelancerRestCalculatorTest" time="0.002"/>
  <testcase name="calculate{int, int, int, int}[3]" classname="ru.netologi.javaqa.Freelancer.services.FreelancerRestCalculatorTest" time="0"/>
</testsuite>